<?xml version="1.0" encoding="UTF-8"?>
<!-- Generated by org.testng.reporters.JUnitXMLReporter -->
<testsuite ignored="0" hostname="Amrita" failures="0" tests="3" name="Opencart Test" time="7.084" errors="0" timestamp="2025-01-08T11:32:49 IST">
  <testcase classname="testngSession.OpenCartTest" name="titleTest" time="1.04"/>
  <testcase classname="testngSession.OpenCartTest" name="searchExistTest" time="0.031"/>
  <testcase classname="testngSession.OpenCartTest" name="isHelpExistTest" time="0.039"/>
</testsuite> <!-- Opencart Test -->
