<?xml version="1.0" encoding="UTF-8"?>
<!-- Generated by org.testng.reporters.JUnitXMLReporter -->
<testsuite ignored="0" hostname="Amrita" failures="0" tests="3" name="Default test" time="3.333" errors="0" timestamp="2025-01-07T17:15:27 IST">
  <testcase classname="testngSession.OpenCartTest" name="titleTest" time="1.707"/>
  <testcase classname="testngSession.OpenCartTest" name="searchExistTest" time="0.038"/>
  <testcase classname="testngSession.OpenCartTest" name="isHelpExistTest" time="0.032"/>
</testsuite> <!-- Default test -->
