<?xml version="1.0" encoding="UTF-8"?>
<!-- Generated by org.testng.reporters.JUnitXMLReporter -->
<testsuite ignored="0" hostname="Amrita" failures="0" tests="3" name="Amazon Test(failed)" time="6.147" errors="0" timestamp="2025-01-08T12:20:23 IST">
  <testcase classname="testngSession.AmazonTest" name="titleTest" time="0.043"/>
  <testcase classname="testngSession.AmazonTest" name="searchExistTest" time="0.059"/>
  <testcase classname="testngSession.AmazonTest" name="isHelpExistTest" time="0.066"/>
</testsuite> <!-- Amazon Test(failed) -->
