<?xml version="1.0" encoding="UTF-8"?>
<testng-results ignored="0" total="3" passed="3" failed="0" skipped="0">
  <reporter-output>
  </reporter-output>
  <suite started-at="2025-01-08T12:20:16 IST" name="Failed suite [TestNG Regression Suite]" finished-at="2025-01-08T12:20:23 IST" duration-ms="6147">
    <groups>
    </groups>
    <test started-at="2025-01-08T12:20:16 IST" name="Amazon Test(failed)" finished-at="2025-01-08T12:20:23 IST" duration-ms="6147">
      <class name="testngSession.AmazonTest">
        <test-method is-config="true" signature="setUp(java.lang.String,java.lang.String)[pri:0, instance:testngSession.AmazonTest@61c4eee0]" started-at="2025-01-08T12:20:16 IST" name="setUp" finished-at="2025-01-08T12:20:22 IST" duration-ms="5751" status="PASS">
          <params>
            <param index="0">
              <value>
                <![CDATA[https://www.amazon.in/]]>
              </value>
            </param>
            <param index="1">
              <value>
                <![CDATA[edge]]>
              </value>
            </param>
          </params>
          <reporter-output>
          </reporter-output>
        </test-method> <!-- setUp -->
        <test-method signature="titleTest()[pri:1, instance:testngSession.AmazonTest@61c4eee0]" started-at="2025-01-08T12:20:22 IST" name="titleTest" finished-at="2025-01-08T12:20:22 IST" duration-ms="43" status="PASS">
          <reporter-output>
          </reporter-output>
        </test-method> <!-- titleTest -->
        <test-method signature="searchExistTest()[pri:2, instance:testngSession.AmazonTest@61c4eee0]" started-at="2025-01-08T12:20:22 IST" name="searchExistTest" finished-at="2025-01-08T12:20:22 IST" duration-ms="59" status="PASS">
          <reporter-output>
          </reporter-output>
        </test-method> <!-- searchExistTest -->
        <test-method signature="isHelpExistTest()[pri:3, instance:testngSession.AmazonTest@61c4eee0]" started-at="2025-01-08T12:20:22 IST" name="isHelpExistTest" finished-at="2025-01-08T12:20:22 IST" duration-ms="66" status="PASS">
          <reporter-output>
          </reporter-output>
        </test-method> <!-- isHelpExistTest -->
        <test-method is-config="true" signature="tearDown()[pri:0, instance:testngSession.AmazonTest@61c4eee0]" started-at="2025-01-08T12:20:22 IST" name="tearDown" finished-at="2025-01-08T12:20:23 IST" duration-ms="178" status="PASS">
          <reporter-output>
          </reporter-output>
        </test-method> <!-- tearDown -->
      </class> <!-- testngSession.AmazonTest -->
    </test> <!-- Amazon Test(failed) -->
  </suite> <!-- Failed suite [TestNG Regression Suite] -->
</testng-results>
